2025-12-04 18:10:57,191 - OK - INFO - https://daringfireball.net - 248ms
2025-12-04 18:10:58,678 - OK - INFO - https://arstechnica.com - 1461ms
2025-12-04 18:10:59,039 - OK - INFO - https://theregister.com - 285ms
2025-12-04 18:10:59,452 - OK - INFO - https://slashdot.org - 378ms
2025-12-04 18:11:00,217 - OK - INFO - https://lwn.net - 727ms
2025-12-04 18:11:05,242 - HTTPSConnectionPool(host='hackernews.org', port=443): Max retries exceeded with url: / (Caused by ConnectTimeoutError(<urllib3.connection.HTTPSConnection object at 0x00000214CE6F0690>, 'Connection to hackernews.org timed out. (connect timeout=5)')) - INFO - https://hackernews.org - 5016ms
2025-12-04 18:11:06,817 - OK - INFO - https://tomshardware.com - 1573ms
2025-12-04 18:11:08,907 - OK - INFO - https://anandtech.com - 1995ms
2025-12-04 18:11:09,895 - OK - INFO - https://phoronix.com - 931ms
2025-12-04 18:11:12,061 - OK - INFO - https://howtogeek.com - 2143ms
2025-12-04 18:11:12,178 - Forbidden - INFO - https://ghacks.net - 64ms
2025-12-04 18:11:13,247 - Forbidden - INFO - https://ghacks.net - 1133ms
2025-12-04 18:11:15,296 - Forbidden - INFO - https://ghacks.net - 3181ms
2025-12-04 18:11:20,839 - OK - INFO - https://osnews.com - 1543ms
2025-12-04 18:11:21,285 - OK - INFO - https://betanews.com - 415ms
2025-12-04 18:11:21,832 - OK - INFO - https://techspot.com - 534ms
2025-12-04 18:11:21,919 - Forbidden - INFO - https://neowin.net - 56ms
2025-12-05 22:44:21,000 - OK - INFO - https://daringfireball.net - 1027ms
2025-12-05 22:44:22,869 - OK - INFO - https://arstechnica.com - 1841ms
2025-12-05 22:44:24,429 - OK - INFO - https://theregister.com - 1498ms
2025-12-05 22:44:25,502 - OK - INFO - https://slashdot.org - 1041ms
2025-12-05 22:44:27,034 - OK - INFO - https://lwn.net - 1493ms
2025-12-05 22:44:32,325 - HTTPSConnectionPool(host='hackernews.org', port=443): Read timed out. (read timeout=5) - INFO - https://hackernews.org - 5283ms
2025-12-05 22:44:34,963 - OK - INFO - https://tomshardware.com - 2638ms
2025-12-05 22:44:38,279 - OK - INFO - https://anandtech.com - 3224ms
2025-12-05 22:44:40,624 - OK - INFO - https://phoronix.com - 2282ms
2025-12-05 22:44:43,354 - OK - INFO - https://howtogeek.com - 2709ms
2025-12-05 22:44:44,093 - Forbidden - INFO - https://ghacks.net - 686ms
2025-12-05 22:44:45,622 - Forbidden - INFO - https://ghacks.net - 2216ms
2025-12-05 22:44:48,178 - Forbidden - INFO - https://ghacks.net - 4772ms
2025-12-05 22:44:54,480 - OK - INFO - https://osnews.com - 2300ms
2025-12-05 22:44:55,455 - OK - INFO - https://betanews.com - 943ms
2025-12-05 22:44:57,220 - OK - INFO - https://techspot.com - 1752ms
2025-12-05 22:44:57,909 - Forbidden - INFO - https://neowin.net - 662ms
2025-12-05 22:52:58,601 - OK - INFO - https://daringfireball.net - 927ms
2025-12-05 22:53:00,487 - OK - INFO - https://arstechnica.com - 1854ms
2025-12-05 22:53:02,257 - OK - INFO - https://theregister.com - 1710ms
2025-12-05 22:53:03,228 - OK - INFO - https://slashdot.org - 940ms
2025-12-05 22:53:04,516 - OK - INFO - https://lwn.net - 1252ms
2025-12-05 22:53:09,793 - HTTPSConnectionPool(host='hackernews.org', port=443): Read timed out. (read timeout=5) - INFO - https://hackernews.org - 5268ms
2025-12-05 22:53:12,341 - OK - INFO - https://tomshardware.com - 2548ms
2025-12-05 22:53:15,168 - OK - INFO - https://anandtech.com - 2736ms
2025-12-05 22:53:17,707 - OK - INFO - https://phoronix.com - 2478ms
2025-12-05 22:53:20,579 - OK - INFO - https://howtogeek.com - 2846ms
2025-12-05 22:53:21,262 - Forbidden - INFO - https://ghacks.net - 630ms
2025-12-05 22:53:22,818 - Forbidden - INFO - https://ghacks.net - 2185ms
2025-12-05 22:53:25,210 - Forbidden - INFO - https://ghacks.net - 4577ms
2025-12-05 22:53:31,598 - OK - INFO - https://osnews.com - 2388ms
2025-12-05 22:53:32,467 - OK - INFO - https://betanews.com - 840ms
2025-12-05 22:53:34,234 - OK - INFO - https://techspot.com - 1754ms
2025-12-05 22:53:34,906 - Forbidden - INFO - https://neowin.net - 645ms
2025-12-05 22:53:36,456 - Forbidden - INFO - https://neowin.net - 2194ms
2025-12-05 22:53:38,925 - Forbidden - INFO - https://neowin.net - 4663ms
2025-12-05 22:54:19,944 - OK - INFO - https://daringfireball.net - 918ms
2025-12-05 22:54:21,773 - OK - INFO - https://arstechnica.com - 1804ms
2025-12-05 22:54:23,369 - OK - INFO - https://theregister.com - 1536ms
2025-12-05 22:54:24,400 - OK - INFO - https://slashdot.org - 999ms
2025-12-05 22:54:25,704 - OK - INFO - https://lwn.net - 1262ms
2025-12-05 22:54:30,964 - HTTPSConnectionPool(host='hackernews.org', port=443): Read timed out. (read timeout=5) - INFO - https://hackernews.org - 5251ms
2025-12-05 22:54:33,527 - OK - INFO - https://tomshardware.com - 2562ms
2025-12-05 22:54:37,405 - OK - INFO - https://anandtech.com - 3785ms
2025-12-05 22:54:39,520 - OK - INFO - https://phoronix.com - 2055ms
2025-12-05 22:54:42,500 - OK - INFO - https://howtogeek.com - 2960ms
2025-12-05 22:54:43,115 - Forbidden - INFO - https://ghacks.net - 562ms
2025-12-05 22:54:44,512 - Forbidden - INFO - https://ghacks.net - 1959ms
2025-12-05 22:54:47,077 - Forbidden - INFO - https://ghacks.net - 4524ms
2025-12-05 22:54:53,316 - OK - INFO - https://osnews.com - 2238ms
2025-12-05 22:54:54,044 - OK - INFO - https://betanews.com - 699ms
2025-12-05 22:54:55,840 - OK - INFO - https://techspot.com - 1784ms
2025-12-05 22:54:56,388 - Forbidden - INFO - https://neowin.net - 521ms
2025-12-05 22:55:03,937 - OK - INFO - https://daringfireball.net - 938ms
2025-12-05 22:55:05,729 - OK - INFO - https://arstechnica.com - 1769ms
2025-12-05 22:55:07,370 - OK - INFO - https://theregister.com - 1580ms
2025-12-05 22:55:08,404 - OK - INFO - https://slashdot.org - 1002ms
2025-12-05 22:55:09,587 - OK - INFO - https://lwn.net - 1144ms
2025-12-05 22:55:14,872 - HTTPSConnectionPool(host='hackernews.org', port=443): Read timed out. (read timeout=5) - INFO - https://hackernews.org - 5277ms
2025-12-05 22:55:17,339 - OK - INFO - https://tomshardware.com - 2466ms
2025-12-05 22:55:20,346 - OK - INFO - https://anandtech.com - 2915ms
2025-12-05 22:55:22,232 - OK - INFO - https://phoronix.com - 1826ms
2025-12-05 22:55:24,962 - OK - INFO - https://howtogeek.com - 2710ms
2025-12-05 22:55:25,572 - Forbidden - INFO - https://ghacks.net - 556ms
2025-12-05 22:55:27,119 - Forbidden - INFO - https://ghacks.net - 2104ms
2025-12-05 22:55:29,675 - Forbidden - INFO - https://ghacks.net - 4659ms
2025-12-05 22:55:35,808 - OK - INFO - https://osnews.com - 2132ms
2025-12-05 22:55:36,552 - OK - INFO - https://betanews.com - 714ms
2025-12-05 22:55:38,447 - OK - INFO - https://techspot.com - 1880ms
2025-12-05 22:55:38,907 - Forbidden - INFO - https://neowin.net - 431ms
2025-12-05 22:55:40,455 - Forbidden - INFO - https://neowin.net - 1980ms
2025-12-05 22:55:42,985 - Forbidden - INFO - https://neowin.net - 4509ms
